### ISSUE TITLE
TracyWorker.cpp+5797 causes core-dump (0.13.1)

### ISSUE THREAD

**Issue by Nonesence999** [wolfpld/tracy#1244]
Hello.
On 0.13.1:
Core-dump: Thread 7 "Tracy Worker" received signal SIGSEGV, Segmentation fault.
[Switching to Thread 0x7fffeddff6c0 (LWP 40752)]
tracy::Worker::ProcessGpuZoneBeginImplCommon (this=0x55555746eb58, zone=0x7fffd140f215, ev=...,
    serial=false) at /usr/src/debug/tracy/tracy/server/TracyWorker.cpp:5797
5797        if( ctx->thread == 0 )

Detailes output:
[ Legend: Modified register | Code | Heap | Stack | String ]
───────────────────────────────────────────────────────────────────────────────────── registers ────
$rax   : 0x0
$rbx   : 0x000055555746eca8  →  0x00005555574f38a0  →  0x00334a1400000299
$rcx   : 0x0
$rdx   : 0x120e5eade
$rsp   : 0x00007fffeddfe080  →  0x0000000000000005
$rbp   : 0x00007fffeddfed40  →  0x00007fffeddfed60  →  0x00007fffeddfee30  →  0x0000000000000000
$rsi   : 0x6d
$rdi   : 0x00007ffff0001dc0  →  0x2e00390000000000
$rip   : 0x00005555558db67c  →  <tracy::Worker::Exec()+14d3c> cmp QWORD PTR [rcx+0x8], 0x0
$r8    : 0x000055555746eca8  →  0x00005555574f38a0  →  0x00334a1400000299
$r9    : 0x69bc4b70a46c8b8
$r10   : 0x555ec23fbcc0
$r11   : 0x3
$r12   : 0x0000555557513b06  →  0x0000000000507824 ("$xP"?)
$r13   : 0x00007fffd140f215  →  0x000120e5eade0003
$r14   : 0x00007fffeddfe860  →  0x00017ffff0004250 ("PB"?)
$r15   : 0x000055555746ed12  →  0x00003d8c00000100
$eflags: [zero carry parity ADJUST sign trap INTERRUPT direction overflow RESUME virtualx86 identification]
$cs: 0x33 $ss: 0x2b $ds: 0x00 $es: 0x00 $fs: 0x00 $gs: 0x00
───────────────────────────────────────────────────────────────────────────────────────── stack ────
0x00007fffeddfe080│+0x0000: 0x0000000000000005	 ← $rsp
0x00007fffeddfe088│+0x0008: 0x0000000000000000
0x00007fffeddfe090│+0x0010: 0x0000000000000001
0x00007fffeddfe098│+0x0018: 0x0000555557088630  →  0x00007ffff4f28000  →  0x00010102464c457f
0x00007fffeddfe0a0│+0x0020: 0x0000000000000000
0x00007fffeddfe0a8│+0x0028: 0x00007fffeddfe420  →  "2025-12-27 19:37:53"
0x00007fffeddfe0b0│+0x0030: 0x0000000000000000
0x00007fffeddfe0b8│+0x0038: 0x1885266c75386bfa
─────────────────────────────────────────────────────────────────────────────────── code:x86:64 ────
   0x5555558db66d <tracy::Worker::Exec()+14d2d> mov    QWORD PTR [r13+0x1a], rax
   0x5555558db671 <tracy::Worker::Exec()+14d31> movzx  eax, WORD PTR [r12+0xd]
   0x5555558db677 <tracy::Worker::Exec()+14d37> mov    WORD PTR [r13+0x23], ax
 → 0x5555558db67c <tracy::Worker::Exec()+14d3c> cmp    QWORD PTR [rcx+0x8], 0x0
   0x5555558db681 <tracy::Worker::Exec()+14d41> jne    0x5555558dbaa0 <_ZN5tracy6Worker4ExecEv+86368>
   0x5555558db687 <tracy::Worker::Exec()+14d47> mov    esi, DWORD PTR [r12+0x9]
   0x5555558db68c <tracy::Worker::Exec()+14d4c> cmp    rsi, QWORD PTR [rbx+0x11f8]
   0x5555558db693 <tracy::Worker::Exec()+14d53> je     0x5555558dba1d <_ZN5tracy6Worker4ExecEv+86237>
   0x5555558db699 <tracy::Worker::Exec()+14d59> lea    rdi, [rbx+0x11b0]
─────────────────────────────────────────────── source:/usr/src/debug/[...]TracyWorker.cpp+5797 ────
   5792	     zone->callstack.SetVal( 0 );
   5793	     zone->SetChild( -1 );
   5794	     zone->query_id = ev.queryId;
   5795	
   5796	     uint64_t ztid;
 → 5797	     if( ctx->thread == 0 )
   5798	     {
   5799	         // Vulkan, OpenCL and Direct3D 12 contexts are not bound to any single thread.
   5800	         zone->SetThread( CompressThread( ev.thread ) );
   5801	         ztid = ev.thread;
   5802	     }
─────────────────────────────────────────────────────────────────────────────────────── threads ────
[#0] Id 31, Name: "ViewMt #7", stopped 0x7ffff769f002 in ?? (), reason: SIGSEGV
[#1] Id 29, Name: "ViewMt #5", stopped 0x7ffff769f002 in ?? (), reason: SIGSEGV
[#2] Id 23, Name: "Render #14", stopped 0x7ffff769f002 in ?? (), reason: SIGSEGV
[#3] Id 28, Name: "ViewMt #4", stopped 0x7ffff769f002 in ?? (), reason: SIGSEGV
[#4] Id 24, Name: "ViewMt #0", stopped 0x7ffff769f002 in ?? (), reason: SIGSEGV
[#5] Id 30, Name: "ViewMt #6", stopped 0x7ffff769f002 in ?? (), reason: SIGSEGV
[#6] Id 27, Name: "ViewMt #3", stopped 0x7ffff769f002 in ?? (), reason: SIGSEGV
[#7] Id 21, Name: "Render #12", stopped 0x7ffff769f002 in ?? (), reason: SIGSEGV
[#8] Id 20, Name: "Render #11", stopped 0x7ffff769f002 in ?? (), reason: SIGSEGV
[#9] Id 1, Name: "tracy", stopped 0x7ffff771a9bd in ?? (), reason: SIGSEGV
[#10] Id 26, Name: "ViewMt #2", stopped 0x7ffff769f002 in ?? (), reason: SIGSEGV
[#11] Id 18, Name: "Render #9", stopped 0x7ffff769f002 in ?? (), reason: SIGSEGV
[#12] Id 17, Name: "Render #8", stopped 0x7ffff769f002 in ?? (), reason: SIGSEGV
[#13] Id 25, Name: "ViewMt #1", stopped 0x7ffff769f002 in ?? (), reason: SIGSEGV
[#14] Id 32, Name: "ViewMt #8", stopped 0x7ffff769f002 in ?? (), reason: SIGSEGV
[#15] Id 2, Name: "tracy", stopped 0x7ffff769f002 in ?? (), reason: SIGSEGV
[#16] Id 6, Name: "tracy", stopped 0x7ffff769f002 in ?? (), reason: SIGSEGV
[#17] Id 7, Name: "Tracy Worker", stopped 0x5555558db67c in tracy::Worker::ProcessGpuZoneBeginImplCommon (), reason: SIGSEGV
[#18] Id 16, Name: "Render #7", stopped 0x7ffff769f002 in ?? (), reason: SIGSEGV
[#19] Id 10, Name: "Render #1", stopped 0x7ffff769f002 in ?? (), reason: SIGSEGV
[#20] Id 12, Name: "Render #3", stopped 0x7ffff769f002 in ?? (), reason: SIGSEGV
[#21] Id 8, Name: "Tracy Network", stopped 0x7ffff769f002 in ?? (), reason: SIGSEGV
[#22] Id 11, Name: "Render #2", stopped 0x7ffff769f002 in ?? (), reason: SIGSEGV
[#23] Id 13, Name: "Render #4", stopped 0x7ffff769f002 in ?? (), reason: SIGSEGV
[#24] Id 22, Name: "Render #13", stopped 0x7ffff769f002 in ?? (), reason: SIGSEGV
[#25] Id 19, Name: "Render #10", stopped 0x7ffff769f002 in ?? (), reason: SIGSEGV
[#26] Id 14, Name: "Render #5", stopped 0x7ffff769f002 in ?? (), reason: SIGSEGV
[#27] Id 9, Name: "Render #0", stopped 0x7ffff769f002 in ?? (), reason: SIGSEGV
[#28] Id 15, Name: "Render #6", stopped 0x7ffff769f002 in ?? (), reason: SIGSEGV
[#29] Id 33, Name: "ViewMt #9", stopped 0x7ffff769f002 in ?? (), reason: SIGSEGV
───────────────────────────────────────────────────────────────────────────────────────── trace ────
[#0] 0x5555558db67c → tracy::Worker::ProcessGpuZoneBeginImplCommon(this=0x55555746eca8, zone=0x7fffd140f215, ev=@0x555557513b07, serial=0x0)
[#1] 0x5555558db67c → tracy::Worker::ProcessGpuZoneBeginImpl(this=0x55555746eca8, zone=0x7fffd140f215, ev=@0x555557513b07, serial=0x0)
[#2] 0x5555558db67c → tracy::Worker::ProcessGpuZoneBeginCallstack(this=0x55555746eca8, ev=@0x555557513b07, serial=0x0)
[#3] 0x5555558db67c → tracy::Worker::Process(this=<optimized out>, ev=@0x555557513b06)
[#4] 0x5555558db67c → tracy::Worker::DispatchProcess(this=<optimized out>, ev=@0x555557513b06, ptr=<synthetic pointer>)
[#5] 0x5555558db67c → tracy::Worker::Exec(this=0x55555746eca8)
[#6] 0x7ffff7ae55a4 → std::execute_native_thread_routine(__p=0x55555733f7a0)
[#7] 0x7ffff769698b → jmp 0x7ffff769681d
[#8] 0x7ffff771a9cc → mov rdi, rax
────────────────────────────────────────────────────────────────────────────────────────────────────

**Comment by wolfpld** [comment]
Duplicate of #1303.
